<?xml version="1.0" encoding="UTF-8"?>
<testng-results ignored="0" total="1" passed="1" failed="0" skipped="0">
  <reporter-output>
  </reporter-output>
  <suite started-at="2026-01-07T19:58:03 EST" name="MyTestSuite" finished-at="2026-01-07T19:58:11 EST" duration-ms="8296">
    <groups>
    </groups>
    <test started-at="2026-01-07T19:58:03 EST" name="Test" finished-at="2026-01-07T19:58:11 EST" duration-ms="8296">
      <class name="Omid">
        <test-method is-config="true" signature="setUp()[pri:0, instance:Omid@9f116cc]" started-at="2026-01-07T19:58:03 EST" name="setUp" finished-at="2026-01-07T19:58:10 EST" duration-ms="7281" status="PASS">
          <reporter-output>
          </reporter-output>
        </test-method> <!-- setUp -->
        <test-method signature="re001()[pri:0, instance:Omid@9f116cc]" started-at="2026-01-07T19:58:10 EST" name="re001" finished-at="2026-01-07T19:58:11 EST" duration-ms="179" status="PASS">
          <reporter-output>
          </reporter-output>
        </test-method> <!-- re001 -->
        <test-method is-config="true" signature="tearDown()[pri:0, instance:Omid@9f116cc]" started-at="2026-01-07T19:58:11 EST" name="tearDown" finished-at="2026-01-07T19:58:11 EST" duration-ms="775" status="PASS">
          <reporter-output>
          </reporter-output>
        </test-method> <!-- tearDown -->
      </class> <!-- Omid -->
    </test> <!-- Test -->
  </suite> <!-- MyTestSuite -->
</testng-results>
